{"level":30,"time":"2022-01-04T13:10:02.590Z","pid":9199,"hostname":"B-E-T-H","msg":"x-attr dependency did not load successfully"}
{"level":30,"time":"2022-01-04T13:10:02.671Z","pid":9199,"hostname":"B-E-T-H","msg":"preload complete"}
{"level":30,"time":"2022-01-04T13:10:02.679Z","pid":9199,"hostname":"B-E-T-H","msg":"@signalapp/signal-client Initializing libsignal-client version:0.11.0 signal_node::logging rust/bridge/node/src/logging.rs:139"}
{"level":30,"time":"2022-01-04T13:10:02.935Z","pid":9199,"hostname":"B-E-T-H","msg":"NotificationService initialized"}
{"level":30,"time":"2022-01-04T13:10:02.996Z","pid":9199,"hostname":"B-E-T-H","msg":"initializeMessageCounter: picking max of db/stored counters"}
{"level":30,"time":"2022-01-04T13:10:02.996Z","pid":9199,"hostname":"B-E-T-H","msg":"Our profile key service: initializing"}
{"level":30,"time":"2022-01-04T13:10:03.109Z","pid":9199,"hostname":"B-E-T-H","msg":"background page reloaded"}
{"level":30,"time":"2022-01-04T13:10:03.109Z","pid":9199,"hostname":"B-E-T-H","msg":"environment: production"}
{"level":30,"time":"2022-01-04T13:10:03.626Z","pid":9199,"hostname":"B-E-T-H","msg":"Storage fetch"}
{"level":30,"time":"2022-01-04T13:10:03.899Z","pid":9199,"hostname":"B-E-T-H","msg":"SocketManager: connecting authenticated socket"}
{"level":30,"time":"2022-01-04T13:10:03.936Z","pid":9199,"hostname":"B-E-T-H","msg":"normal message send job queue: starting to stream jobs"}
{"level":30,"time":"2022-01-04T13:10:03.936Z","pid":9199,"hostname":"B-E-T-H","msg":"JobQueueDatabaseStore fetching existing jobs for queue \"normal message send\""}
{"level":30,"time":"2022-01-04T13:10:03.938Z","pid":9199,"hostname":"B-E-T-H","msg":"reactions job queue: starting to stream jobs"}
{"level":30,"time":"2022-01-04T13:10:03.938Z","pid":9199,"hostname":"B-E-T-H","msg":"JobQueueDatabaseStore fetching existing jobs for queue \"reactions\""}
{"level":30,"time":"2022-01-04T13:10:03.938Z","pid":9199,"hostname":"B-E-T-H","msg":"read sync job queue: starting to stream jobs"}
{"level":30,"time":"2022-01-04T13:10:03.939Z","pid":9199,"hostname":"B-E-T-H","msg":"JobQueueDatabaseStore fetching existing jobs for queue \"read sync\""}
{"level":30,"time":"2022-01-04T13:10:03.939Z","pid":9199,"hostname":"B-E-T-H","msg":"remove storage key job queue: starting to stream jobs"}
{"level":30,"time":"2022-01-04T13:10:03.939Z","pid":9199,"hostname":"B-E-T-H","msg":"JobQueueDatabaseStore fetching existing jobs for queue \"remove storage key\""}
{"level":30,"time":"2022-01-04T13:10:03.939Z","pid":9199,"hostname":"B-E-T-H","msg":"report spam job queue: starting to stream jobs"}
{"level":30,"time":"2022-01-04T13:10:03.940Z","pid":9199,"hostname":"B-E-T-H","msg":"JobQueueDatabaseStore fetching existing jobs for queue \"report spam\""}
{"level":30,"time":"2022-01-04T13:10:03.940Z","pid":9199,"hostname":"B-E-T-H","msg":"view sync job queue: starting to stream jobs"}
{"level":30,"time":"2022-01-04T13:10:03.940Z","pid":9199,"hostname":"B-E-T-H","msg":"JobQueueDatabaseStore fetching existing jobs for queue \"view sync\""}
{"level":30,"time":"2022-01-04T13:10:03.941Z","pid":9199,"hostname":"B-E-T-H","msg":"viewed receipts job queue: starting to stream jobs"}
{"level":30,"time":"2022-01-04T13:10:03.941Z","pid":9199,"hostname":"B-E-T-H","msg":"JobQueueDatabaseStore fetching existing jobs for queue \"viewed receipts\""}
{"level":30,"time":"2022-01-04T13:10:03.941Z","pid":9199,"hostname":"B-E-T-H","msg":"Initializing MessageReceiver"}
{"level":30,"time":"2022-01-04T13:10:03.943Z","pid":9199,"hostname":"B-E-T-H","msg":"Sender certificate service initialized"}
{"level":30,"time":"2022-01-04T13:10:03.949Z","pid":9199,"hostname":"B-E-T-H","msg":"GET (REST) https://chat.signal.org/v1/subscription/[REDACTED]BbM (unauth)"}
{"level":30,"time":"2022-01-04T13:10:04.075Z","pid":9199,"hostname":"B-E-T-H","msg":"JobQueueDatabaseStore finished fetching existing 0 jobs for queue \"normal message send\""}
{"level":30,"time":"2022-01-04T13:10:04.077Z","pid":9199,"hostname":"B-E-T-H","msg":"JobQueueDatabaseStore finished fetching existing 0 jobs for queue \"reactions\""}
{"level":30,"time":"2022-01-04T13:10:04.077Z","pid":9199,"hostname":"B-E-T-H","msg":"JobQueueDatabaseStore finished fetching existing 0 jobs for queue \"read sync\""}
{"level":30,"time":"2022-01-04T13:10:04.077Z","pid":9199,"hostname":"B-E-T-H","msg":"JobQueueDatabaseStore finished fetching existing 0 jobs for queue \"remove storage key\""}
{"level":30,"time":"2022-01-04T13:10:04.077Z","pid":9199,"hostname":"B-E-T-H","msg":"JobQueueDatabaseStore finished fetching existing 0 jobs for queue \"report spam\""}
{"level":30,"time":"2022-01-04T13:10:04.078Z","pid":9199,"hostname":"B-E-T-H","msg":"JobQueueDatabaseStore finished fetching existing 0 jobs for queue \"view sync\""}
{"level":30,"time":"2022-01-04T13:10:04.078Z","pid":9199,"hostname":"B-E-T-H","msg":"JobQueueDatabaseStore finished fetching existing 0 jobs for queue \"viewed receipts\""}
{"level":30,"time":"2022-01-04T13:10:04.119Z","pid":9199,"hostname":"B-E-T-H","msg":"data.startInRendererProcess: switching to renderer process"}
{"level":30,"time":"2022-01-04T13:10:04.133Z","pid":9199,"hostname":"B-E-T-H","msg":"data.startInRendererProcess: switched to renderer process"}
{"level":30,"time":"2022-01-04T13:10:04.133Z","pid":9199,"hostname":"B-E-T-H","msg":"Starting background data migration. Target version: 10"}
{"level":30,"time":"2022-01-04T13:10:04.134Z","pid":9199,"hostname":"B-E-T-H","msg":"GET (WS) https://chat.signal.org/v1/config"}
{"level":30,"time":"2022-01-04T13:10:04.136Z","pid":9199,"hostname":"B-E-T-H","msg":"RetryPlaceholders.constructor: Started with 0 items, lifespan of 3600000"}
{"level":30,"time":"2022-01-04T13:10:04.136Z","pid":9199,"hostname":"B-E-T-H","msg":"ConversationController: starting initial fetch"}
{"level":30,"time":"2022-01-04T13:10:04.247Z","pid":9199,"hostname":"B-E-T-H","msg":"Renderer SQL channel job (getAllConversations) completed in 111ms"}
{"level":30,"time":"2022-01-04T13:10:04.247Z","pid":9199,"hostname":"B-E-T-H","msg":"Renderer SQL channel job (getAllStickerPacks) completed in 71ms"}
{"level":30,"time":"2022-01-04T13:10:04.247Z","pid":9199,"hostname":"B-E-T-H","msg":"Renderer SQL channel job (getAllStickers) completed in 70ms"}
{"level":30,"time":"2022-01-04T13:10:04.247Z","pid":9199,"hostname":"B-E-T-H","msg":"Renderer SQL channel job (getRecentStickers) completed in 64ms"}
{"level":30,"time":"2022-01-04T13:10:04.247Z","pid":9199,"hostname":"B-E-T-H","msg":"Renderer SQL channel job (getRecentEmojis) completed in 63ms"}
{"level":30,"time":"2022-01-04T13:10:04.247Z","pid":9199,"hostname":"B-E-T-H","msg":"Renderer SQL channel job (getAllBadges) completed in 63ms"}
{"level":30,"time":"2022-01-04T13:10:04.247Z","pid":9199,"hostname":"B-E-T-H","msg":"Renderer SQL channel job (getItemById) completed in 62ms"}
{"level":30,"time":"2022-01-04T13:10:04.247Z","pid":9199,"hostname":"B-E-T-H","msg":"Renderer SQL channel job (getItemById) completed in 61ms"}
{"level":30,"time":"2022-01-04T13:10:04.247Z","pid":9199,"hostname":"B-E-T-H","msg":"Renderer SQL channel job (getAllIdentityKeys) completed in 61ms"}
{"level":30,"time":"2022-01-04T13:10:04.247Z","pid":9199,"hostname":"B-E-T-H","msg":"Renderer SQL channel job (getAllSessions) completed in 61ms"}
{"level":30,"time":"2022-01-04T13:10:04.263Z","pid":9199,"hostname":"B-E-T-H","msg":"SignalProtocolStore: Finished caching identityKeys data"}
{"level":30,"time":"2022-01-04T13:10:04.263Z","pid":9199,"hostname":"B-E-T-H","msg":"SignalProtocolStore: Finished caching sessions data"}
{"level":30,"time":"2022-01-04T13:10:04.263Z","pid":9199,"hostname":"B-E-T-H","msg":"SignalProtocolStore: Finished caching preKeys data"}
{"level":30,"time":"2022-01-04T13:10:04.263Z","pid":9199,"hostname":"B-E-T-H","msg":"SignalProtocolStore: Finished caching senderKeys data"}
{"level":30,"time":"2022-01-04T13:10:04.263Z","pid":9199,"hostname":"B-E-T-H","msg":"SignalProtocolStore: Finished caching signedPreKeys data"}
{"level":30,"time":"2022-01-04T13:10:04.271Z","pid":9199,"hostname":"B-E-T-H","msg":"ConversationController: done with initial fetch"}
{"level":30,"time":"2022-01-04T13:10:04.272Z","pid":9199,"hostname":"B-E-T-H","msg":"checkForConflicts: starting..."}
{"level":30,"time":"2022-01-04T13:10:04.272Z","pid":9199,"hostname":"B-E-T-H","msg":"checkForConflicts: complete!"}
{"level":30,"time":"2022-01-04T13:10:04.302Z","pid":9199,"hostname":"B-E-T-H","msg":"challenge: loading 0 messages"}
{"level":30,"time":"2022-01-04T13:10:04.302Z","pid":9199,"hostname":"B-E-T-H","msg":"Initializing network observer"}
{"level":30,"time":"2022-01-04T13:10:04.327Z","pid":9199,"hostname":"B-E-T-H","msg":"challenge: loaded 0 messages"}
{"level":30,"time":"2022-01-04T13:10:04.327Z","pid":9199,"hostname":"B-E-T-H","msg":"Renderer SQL channel job (createOrUpdateItem) completed in 25ms"}
{"level":30,"time":"2022-01-04T13:10:04.327Z","pid":9199,"hostname":"B-E-T-H","msg":"BadgeDownloader#checkForFilesToDownload: downloading 0 badge(s)"}
{"level":30,"time":"2022-01-04T13:10:04.328Z","pid":9199,"hostname":"B-E-T-H","msg":"Expiration start timestamp cleanup: starting..."}
{"level":30,"time":"2022-01-04T13:10:04.328Z","pid":9199,"hostname":"B-E-T-H","msg":"Expiration start timestamp cleanup: Found 0 messages for cleanup"}
{"level":30,"time":"2022-01-04T13:10:04.328Z","pid":9199,"hostname":"B-E-T-H","msg":"Expiration start timestamp cleanup: complete"}
{"level":30,"time":"2022-01-04T13:10:04.328Z","pid":9199,"hostname":"B-E-T-H","msg":"listening for registration events"}
{"level":30,"time":"2022-01-04T13:10:04.350Z","pid":9199,"hostname":"B-E-T-H","msg":"checkExpiringMessages: checking for expiring messages"}
{"level":30,"time":"2022-01-04T13:10:04.359Z","pid":9199,"hostname":"B-E-T-H","msg":"connect {\"connectCount\":0}"}
{"level":30,"time":"2022-01-04T13:10:04.359Z","pid":9199,"hostname":"B-E-T-H","msg":"Our profile key service: kicking off a new fetch"}
{"level":30,"time":"2022-01-04T13:10:04.359Z","pid":9199,"hostname":"B-E-T-H","msg":"Our profile key service: waiting for 1 promises before fetching"}
{"level":30,"time":"2022-01-04T13:10:04.359Z","pid":9199,"hostname":"B-E-T-H","msg":"open inbox"}
{"level":30,"time":"2022-01-04T13:10:04.379Z","pid":9199,"hostname":"B-E-T-H","msg":"checkExpiringMessages: found no messages to expire"}
{"level":30,"time":"2022-01-04T13:10:04.379Z","pid":9199,"hostname":"B-E-T-H","msg":"Our profile key service: fetching profile key from storage"}
{"level":30,"time":"2022-01-04T13:10:04.379Z","pid":9199,"hostname":"B-E-T-H","msg":"GET (WS) https://chat.signal.org/v1/config"}
{"level":30,"time":"2022-01-04T13:10:04.380Z","pid":9199,"hostname":"B-E-T-H","msg":"src/core/call_manager.rs:343 RingRTC v2.15.0"}
{"level":30,"time":"2022-01-04T13:10:04.380Z","pid":9199,"hostname":"B-E-T-H","msg":"src/core/call_manager.rs:383 set_self_uuid():"}
{"level":30,"time":"2022-01-04T13:10:04.464Z","pid":9199,"hostname":"B-E-T-H","msg":"src/core/call_manager.rs:263 CallManager: Dropping last reference."}
{"level":30,"time":"2022-01-04T13:10:05.278Z","pid":9199,"hostname":"B-E-T-H","msg":"Renderer SQL channel job (createOrUpdateItem) completed in 12ms"}
{"level":40,"time":"2022-01-04T13:10:05.317Z","pid":9199,"hostname":"B-E-T-H","msg":"SocketManager: authenticated socket connection failed with error: HTTPError: connectResource: invalid websocket response; code: 403\n    at WebSocketClient.<anonymous> ([REDACTED]/resources/app.asar/preload.bundle.js:2:11291168)\n    at processTicksAndRejections (node:internal/process/task_queues:96:5)\nOriginal stack:\nError\n    at connect ([REDACTED]/resources/app.asar/preload.bundle.js:2:11290675)\n    at SocketManager.connectResource ([REDACTED]/resources/app.asar/preload.bundle.js:2:11230563)\n    at SocketManager.authenticate ([REDACTED]/resources/app.asar/preload.bundle.js:2:11224586)\n    at Object.connect ([REDACTED]/resources/app.asar/preload.bundle.js:2:11256410)\n    at [REDACTED]/resources/app.asar/preload.bundle.js:2:8232505\n    at [REDACTED]/resources/app.asar/preload.bundle.js:2:11235791\n    at Array.forEach (<anonymous>)\n    at Storage.callListeners ([REDACTED]/resources/app.asar/preload.bundle.js:2:11235772)\n    at Storage.fetch ([REDACTED]/resources/app.asar/preload.bundle.js:2:11235448)"}
{"level":40,"time":"2022-01-04T13:10:05.321Z","pid":9199,"hostname":"B-E-T-H","msg":"unlinkAndDisconnect: Client is no longer authorized; deleting local configuration"}
{"level":30,"time":"2022-01-04T13:10:05.321Z","pid":9199,"hostname":"B-E-T-H","msg":"unlinkAndDisconnect: logging out"}
{"level":30,"time":"2022-01-04T13:10:05.321Z","pid":9199,"hostname":"B-E-T-H","msg":"Flushing sql.Client.updateConversationBatcher batcher items.length=0"}
{"level":30,"time":"2022-01-04T13:10:05.321Z","pid":9199,"hostname":"B-E-T-H","msg":"Flushing complete sql.Client.updateConversationBatcher for batcher"}
{"level":30,"time":"2022-01-04T13:10:05.321Z","pid":9199,"hostname":"B-E-T-H","msg":"Flushing messageBatcher.updateMessageBatcher batcher items.length=0"}
{"level":30,"time":"2022-01-04T13:10:05.321Z","pid":9199,"hostname":"B-E-T-H","msg":"Flushing complete messageBatcher.updateMessageBatcher for batcher"}
{"level":30,"time":"2022-01-04T13:10:05.321Z","pid":9199,"hostname":"B-E-T-H","msg":"Flushing Whisper.deliveryReceiptBatcher batcher items.length=0"}
{"level":30,"time":"2022-01-04T13:10:05.321Z","pid":9199,"hostname":"B-E-T-H","msg":"Flushing complete Whisper.deliveryReceiptBatcher for batcher"}
{"level":30,"time":"2022-01-04T13:10:05.322Z","pid":9199,"hostname":"B-E-T-H","msg":"Flushing respondWithProfileKeyBatcher batcher items.length=0"}
{"level":30,"time":"2022-01-04T13:10:05.322Z","pid":9199,"hostname":"B-E-T-H","msg":"Flushing complete respondWithProfileKeyBatcher for batcher"}
{"level":30,"time":"2022-01-04T13:10:05.322Z","pid":9199,"hostname":"B-E-T-H","msg":"Flushing MessageReceiver.decryptAndCacheBatcher batcher items.length=0"}
{"level":30,"time":"2022-01-04T13:10:05.322Z","pid":9199,"hostname":"B-E-T-H","msg":"Flushing complete MessageReceiver.decryptAndCacheBatcher for batcher"}
{"level":30,"time":"2022-01-04T13:10:05.322Z","pid":9199,"hostname":"B-E-T-H","msg":"Flushing MessageReceiver.cacheRemoveBatcher batcher items.length=0"}
{"level":30,"time":"2022-01-04T13:10:05.322Z","pid":9199,"hostname":"B-E-T-H","msg":"Flushing complete MessageReceiver.cacheRemoveBatcher for batcher"}
{"level":30,"time":"2022-01-04T13:10:05.322Z","pid":9199,"hostname":"B-E-T-H","msg":"Flushing changedConvoBatcher batcher items.length=0"}
{"level":30,"time":"2022-01-04T13:10:05.322Z","pid":9199,"hostname":"B-E-T-H","msg":"Flushing complete changedConvoBatcher for batcher"}
{"level":50,"time":"2022-01-04T13:10:05.322Z","pid":9199,"hostname":"B-E-T-H","msg":"GET (WS) https://chat.signal.org/v1/config 0 Error"}
{"level":50,"time":"2022-01-04T13:10:05.322Z","pid":9199,"hostname":"B-E-T-H","msg":"GET (WS) https://chat.signal.org/v1/config 0 Error"}
{"level":30,"time":"2022-01-04T13:10:05.323Z","pid":9199,"hostname":"B-E-T-H","msg":"Flushing sql.Client.updateConversationBatcher batcher items.length=0"}
{"level":30,"time":"2022-01-04T13:10:05.323Z","pid":9199,"hostname":"B-E-T-H","msg":"Flushing complete sql.Client.updateConversationBatcher for batcher"}
{"level":30,"time":"2022-01-04T13:10:05.323Z","pid":9199,"hostname":"B-E-T-H","msg":"Flushing messageBatcher.updateMessageBatcher batcher items.length=0"}
{"level":30,"time":"2022-01-04T13:10:05.323Z","pid":9199,"hostname":"B-E-T-H","msg":"Flushing complete messageBatcher.updateMessageBatcher for batcher"}
{"level":30,"time":"2022-01-04T13:10:05.323Z","pid":9199,"hostname":"B-E-T-H","msg":"Flushing Whisper.deliveryReceiptBatcher batcher items.length=0"}
{"level":30,"time":"2022-01-04T13:10:05.323Z","pid":9199,"hostname":"B-E-T-H","msg":"Flushing complete Whisper.deliveryReceiptBatcher for batcher"}
{"level":30,"time":"2022-01-04T13:10:05.323Z","pid":9199,"hostname":"B-E-T-H","msg":"Flushing respondWithProfileKeyBatcher batcher items.length=0"}
{"level":30,"time":"2022-01-04T13:10:05.323Z","pid":9199,"hostname":"B-E-T-H","msg":"Flushing complete respondWithProfileKeyBatcher for batcher"}
{"level":30,"time":"2022-01-04T13:10:05.323Z","pid":9199,"hostname":"B-E-T-H","msg":"Flushing MessageReceiver.decryptAndCacheBatcher batcher items.length=0"}
{"level":30,"time":"2022-01-04T13:10:05.323Z","pid":9199,"hostname":"B-E-T-H","msg":"Flushing complete MessageReceiver.decryptAndCacheBatcher for batcher"}
{"level":30,"time":"2022-01-04T13:10:05.323Z","pid":9199,"hostname":"B-E-T-H","msg":"Flushing MessageReceiver.cacheRemoveBatcher batcher items.length=0"}
{"level":30,"time":"2022-01-04T13:10:05.323Z","pid":9199,"hostname":"B-E-T-H","msg":"Flushing complete MessageReceiver.cacheRemoveBatcher for batcher"}
{"level":30,"time":"2022-01-04T13:10:05.323Z","pid":9199,"hostname":"B-E-T-H","msg":"Flushing changedConvoBatcher batcher items.length=0"}
{"level":30,"time":"2022-01-04T13:10:05.323Z","pid":9199,"hostname":"B-E-T-H","msg":"Flushing complete changedConvoBatcher for batcher"}
{"level":30,"time":"2022-01-04T13:10:05.323Z","pid":9199,"hostname":"B-E-T-H","msg":"waitBatcher#flushAllWaitBatchers"}
{"level":30,"time":"2022-01-04T13:10:05.323Z","pid":9199,"hostname":"B-E-T-H","msg":"Flushing start messageBatcher.saveNewMessageBatcher for waitBatcher items.length=0"}
{"level":30,"time":"2022-01-04T13:10:05.323Z","pid":9199,"hostname":"B-E-T-H","msg":"Flushing complete messageBatcher.saveNewMessageBatcher for waitBatcher"}
{"level":30,"time":"2022-01-04T13:10:05.324Z","pid":9199,"hostname":"B-E-T-H","msg":"Flushing start deleteSentProtoBatcher for waitBatcher items.length=0"}
{"level":30,"time":"2022-01-04T13:10:05.324Z","pid":9199,"hostname":"B-E-T-H","msg":"Flushing complete deleteSentProtoBatcher for waitBatcher"}
{"level":30,"time":"2022-01-04T13:10:05.337Z","pid":9199,"hostname":"B-E-T-H","msg":"unlinkAndDisconnect: removing configuration, mode Full"}
{"level":30,"time":"2022-01-04T13:10:05.363Z","pid":9199,"hostname":"B-E-T-H","msg":"Renderer SQL channel job (removeItemById) completed in 39ms"}
{"level":30,"time":"2022-01-04T13:10:05.363Z","pid":9199,"hostname":"B-E-T-H","msg":"Renderer SQL channel job (removeAllConfiguration) completed in 26ms"}
{"level":30,"time":"2022-01-04T13:10:05.367Z","pid":9199,"hostname":"B-E-T-H","msg":"onEmpty: All outstanding database requests complete"}
{"level":30,"time":"2022-01-04T13:10:05.367Z","pid":9199,"hostname":"B-E-T-H","msg":"Next signed key rotation scheduled for 2021-12-09T13:02:02.738Z"}
{"level":30,"time":"2022-01-04T13:10:05.368Z","pid":9199,"hostname":"B-E-T-H","msg":"data.goBackToMainProcess: switching to main process"}
{"level":30,"time":"2022-01-04T13:10:05.722Z","pid":9199,"hostname":"B-E-T-H","msg":"Renderer SQL channel job (getItemById) completed in 356ms"}
{"level":30,"time":"2022-01-04T13:10:05.722Z","pid":9199,"hostname":"B-E-T-H","msg":"Renderer SQL channel job (getItemById) completed in 355ms"}
{"level":30,"time":"2022-01-04T13:10:05.723Z","pid":9199,"hostname":"B-E-T-H","msg":"Renderer SQL channel job (getAllIdentityKeys) completed in 356ms"}
{"level":30,"time":"2022-01-04T13:10:05.723Z","pid":9199,"hostname":"B-E-T-H","msg":"Renderer SQL channel job (getAllSessions) completed in 356ms"}
{"level":30,"time":"2022-01-04T13:10:05.723Z","pid":9199,"hostname":"B-E-T-H","msg":"Renderer SQL channel job (getAllPreKeys) completed in 356ms"}
{"level":30,"time":"2022-01-04T13:10:05.723Z","pid":9199,"hostname":"B-E-T-H","msg":"Renderer SQL channel job (getAllSenderKeys) completed in 356ms"}
{"level":30,"time":"2022-01-04T13:10:05.723Z","pid":9199,"hostname":"B-E-T-H","msg":"Renderer SQL channel job (getAllSignedPreKeys) completed in 356ms"}
{"level":30,"time":"2022-01-04T13:10:05.723Z","pid":9199,"hostname":"B-E-T-H","msg":"Renderer SQL channel job (close) completed in 355ms"}
{"level":30,"time":"2022-01-04T13:10:05.723Z","pid":9199,"hostname":"B-E-T-H","msg":"SignalProtocolStore: Finished caching identityKeys data"}
{"level":30,"time":"2022-01-04T13:10:05.723Z","pid":9199,"hostname":"B-E-T-H","msg":"SignalProtocolStore: Finished caching sessions data"}
{"level":30,"time":"2022-01-04T13:10:05.723Z","pid":9199,"hostname":"B-E-T-H","msg":"SignalProtocolStore: Finished caching preKeys data"}
{"level":30,"time":"2022-01-04T13:10:05.723Z","pid":9199,"hostname":"B-E-T-H","msg":"SignalProtocolStore: Finished caching senderKeys data"}
{"level":30,"time":"2022-01-04T13:10:05.723Z","pid":9199,"hostname":"B-E-T-H","msg":"SignalProtocolStore: Finished caching signedPreKeys data"}
{"level":30,"time":"2022-01-04T13:10:05.723Z","pid":9199,"hostname":"B-E-T-H","msg":"startup query: getItemById 834ms"}
{"level":30,"time":"2022-01-04T13:10:05.723Z","pid":9199,"hostname":"B-E-T-H","msg":"startup query: getAllIdentityKeys 417ms"}
{"level":30,"time":"2022-01-04T13:10:05.723Z","pid":9199,"hostname":"B-E-T-H","msg":"startup query: getAllSessions 417ms"}
{"level":30,"time":"2022-01-04T13:10:05.724Z","pid":9199,"hostname":"B-E-T-H","msg":"startup query: getAllPreKeys 366ms"}
{"level":30,"time":"2022-01-04T13:10:05.724Z","pid":9199,"hostname":"B-E-T-H","msg":"startup query: getAllSenderKeys 365ms"}
{"level":30,"time":"2022-01-04T13:10:05.724Z","pid":9199,"hostname":"B-E-T-H","msg":"startup query: getAllSignedPreKeys 357ms"}
{"level":30,"time":"2022-01-04T13:10:05.724Z","pid":9199,"hostname":"B-E-T-H","msg":"startup query: close 355ms"}
{"level":30,"time":"2022-01-04T13:10:05.724Z","pid":9199,"hostname":"B-E-T-H","msg":"startup query: getAllConversations 111ms"}
{"level":30,"time":"2022-01-04T13:10:05.724Z","pid":9199,"hostname":"B-E-T-H","msg":"startup query: getAllStickerPacks 71ms"}
{"level":30,"time":"2022-01-04T13:10:05.724Z","pid":9199,"hostname":"B-E-T-H","msg":"startup query: getAllStickers 70ms"}
{"level":30,"time":"2022-01-04T13:10:05.724Z","pid":9199,"hostname":"B-E-T-H","msg":"startup query: getRecentStickers 64ms"}
{"level":30,"time":"2022-01-04T13:10:05.724Z","pid":9199,"hostname":"B-E-T-H","msg":"startup query: getRecentEmojis 63ms"}
{"level":30,"time":"2022-01-04T13:10:05.724Z","pid":9199,"hostname":"B-E-T-H","msg":"startup query: getAllBadges 63ms"}
{"level":30,"time":"2022-01-04T13:10:05.724Z","pid":9199,"hostname":"B-E-T-H","msg":"startup query: removeItemById 39ms"}
{"level":30,"time":"2022-01-04T13:10:05.724Z","pid":9199,"hostname":"B-E-T-H","msg":"startup query: createOrUpdateItem 37ms"}
{"level":30,"time":"2022-01-04T13:10:05.724Z","pid":9199,"hostname":"B-E-T-H","msg":"startup query: removeAllConfiguration 26ms"}
{"level":30,"time":"2022-01-04T13:10:05.724Z","pid":9199,"hostname":"B-E-T-H","msg":"data.goBackToMainProcess: switched to main process"}
{"level":30,"time":"2022-01-04T13:10:05.724Z","pid":9199,"hostname":"B-E-T-H","msg":"NotificationService enabling"}
{"level":30,"time":"2022-01-04T13:10:05.748Z","pid":9199,"hostname":"B-E-T-H","msg":"App loaded - messages: 0"}
{"level":30,"time":"2022-01-04T13:10:05.748Z","pid":9199,"hostname":"B-E-T-H","msg":"Downloading recent attachments of total attachments 0 0"}
{"level":30,"time":"2022-01-04T13:10:05.749Z","pid":9199,"hostname":"B-E-T-H","msg":"StartupQueue: Processing 0 actions"}
{"level":30,"time":"2022-01-04T13:10:05.780Z","pid":9199,"hostname":"B-E-T-H","msg":"GET (REST) https://chat.signal.org/v1/subscription/[REDACTED]BbM 200 Success"}
{"level":40,"time":"2022-01-04T13:10:05.780Z","pid":9199,"hostname":"B-E-T-H","msg":"Called storage.put before storage is ready. key: areWeASubscriber"}
{"level":30,"time":"2022-01-04T13:10:05.791Z","pid":9199,"hostname":"B-E-T-H","msg":"Rotating signed prekey..."}
{"level":40,"time":"2022-01-04T13:10:05.791Z","pid":9199,"hostname":"B-E-T-H","msg":"Called storage.get before storage is ready. key: uuid_id"}
{"level":40,"time":"2022-01-04T13:10:05.792Z","pid":9199,"hostname":"B-E-T-H","msg":"Called storage.get before storage is ready. key: pni"}
{"level":50,"time":"2022-01-04T13:10:05.792Z","pid":9199,"hostname":"B-E-T-H","msg":"rotateSignedPrekey() failed. Trying again in five minutes"}
{"level":30,"time":"2022-01-04T13:10:06.037Z","pid":9199,"hostname":"B-E-T-H","msg":"unlinkAndDisconnect: Successfully cleared local configuration"}
{"level":30,"time":"2022-01-04T13:10:06.323Z","pid":9199,"hostname":"B-E-T-H","msg":"GET (WS) https://chat.signal.org/v1/config"}
{"level":30,"time":"2022-01-04T13:10:06.323Z","pid":9199,"hostname":"B-E-T-H","msg":"SocketManager: connecting unauthenticated socket"}
{"level":30,"time":"2022-01-04T13:10:06.325Z","pid":9199,"hostname":"B-E-T-H","msg":"GET (WS) https://chat.signal.org/v1/config"}
{"level":30,"time":"2022-01-04T13:10:06.725Z","pid":9199,"hostname":"B-E-T-H","msg":"NotificationService not updating notifications. Notifications are enabled; app is focused; there is no notification data"}
{"level":30,"time":"2022-01-04T13:10:06.872Z","pid":9199,"hostname":"B-E-T-H","msg":"checkExpiringMessages: checking for expiring messages"}
{"level":30,"time":"2022-01-04T13:10:06.873Z","pid":9199,"hostname":"B-E-T-H","msg":"checkExpiringMessages: found no messages to expire"}
{"level":30,"time":"2022-01-04T13:10:07.541Z","pid":9199,"hostname":"B-E-T-H","msg":"Sender certificate service: fetching and saving a yes-E164 certificate"}
{"level":30,"time":"2022-01-04T13:10:07.542Z","pid":9199,"hostname":"B-E-T-H","msg":"GET (WS) https://chat.signal.org/v1/certificate/delivery"}
{"level":30,"time":"2022-01-04T13:10:07.555Z","pid":9199,"hostname":"B-E-T-H","msg":"SocketManager: connected unauthenticated socket"}
{"level":30,"time":"2022-01-04T13:10:07.556Z","pid":9199,"hostname":"B-E-T-H","msg":"SocketManager: starting expiration timer for unauthenticated socket"}
{"level":50,"time":"2022-01-04T13:10:08.059Z","pid":9199,"hostname":"B-E-T-H","msg":"Got 401 from Signal Server. We might be unlinked."}
{"level":30,"time":"2022-01-04T13:10:08.060Z","pid":9199,"hostname":"B-E-T-H","msg":"reconnectToWebSocket starting..."}
{"level":30,"time":"2022-01-04T13:10:08.060Z","pid":9199,"hostname":"B-E-T-H","msg":"SocketManager.onOffline"}
{"level":40,"time":"2022-01-04T13:10:08.060Z","pid":9199,"hostname":"B-E-T-H","msg":"WebSocket: closing socket unauthenticated"}
{"level":30,"time":"2022-01-04T13:10:08.060Z","pid":9199,"hostname":"B-E-T-H","msg":"WebSocketResource.close()"}
{"level":30,"time":"2022-01-04T13:10:08.062Z","pid":9199,"hostname":"B-E-T-H","msg":"SocketManager.onOnline"}
{"level":50,"time":"2022-01-04T13:10:08.062Z","pid":9199,"hostname":"B-E-T-H","msg":"GET (WS) https://chat.signal.org/v1/config 401 Error"}
{"level":30,"time":"2022-01-04T13:10:08.062Z","pid":9199,"hostname":"B-E-T-H","msg":"reconnectToWebSocket complete."}
{"level":50,"time":"2022-01-04T13:10:08.062Z","pid":9199,"hostname":"B-E-T-H","msg":"connect: Error refreshing remote config: HTTPError: promiseAjax: error response; code: 401\n    at makeHTTPError ([REDACTED]/resources/app.asar/preload.bundle.js:2:11251614)\n    at _promiseAjax ([REDACTED]/resources/app.asar/preload.bundle.js:2:11250417)\n    at processTicksAndRejections (node:internal/process/task_queues:96:5)\n    at async _retryAjax ([REDACTED]/resources/app.asar/preload.bundle.js:2:11247596)\n    at async _ajax ([REDACTED]/resources/app.asar/preload.bundle.js:2:11285337)\n    at async Object.getConfig ([REDACTED]/resources/app.asar/preload.bundle.js:2:11260348)\n    at async Object.exports.refreshRemoteConfig ([REDACTED]/resources/app.asar/preload.bundle.js:2:8185451)\n    at async connect ([REDACTED]/resources/app.asar/preload.bundle.js:2:8269087)\nOriginal stack:\nError\n    at _outerAjax ([REDACTED]/resources/app.asar/preload.bundle.js:2:11251498)\n    at _ajax ([REDACTED]/resources/app.asar/preload.bundle.js:2:11285343)\n    at Object.getConfig ([REDACTED]/resources/app.asar/preload.bundle.js:2:11260354)\n    at Object.exports.refreshRemoteConfig ([REDACTED]/resources/app.asar/preload.bundle.js:2:8185464)\n    at connect ([REDACTED]/resources/app.asar/preload.bundle.js:2:8269120)\n    at processTicksAndRejections (node:internal/process/task_queues:96:5)"}
{"level":30,"time":"2022-01-04T13:10:08.063Z","pid":9199,"hostname":"B-E-T-H","msg":"NotificationService disabling"}
{"level":30,"time":"2022-01-04T13:10:08.063Z","pid":9199,"hostname":"B-E-T-H","msg":"initializeGroupCredentialFetcher: starting..."}
{"level":30,"time":"2022-01-04T13:10:08.064Z","pid":9199,"hostname":"B-E-T-H","msg":"maybeFetchCredentials: fetching credentials for 18996 through 19003"}
{"level":30,"time":"2022-01-04T13:10:08.065Z","pid":9199,"hostname":"B-E-T-H","msg":"GET (WS) https://chat.signal.org/v1/certificate/group/18996/19003?identity=aci"}
{"level":30,"time":"2022-01-04T13:10:08.065Z","pid":9199,"hostname":"B-E-T-H","msg":"SocketManager: connecting unauthenticated socket"}
{"level":30,"time":"2022-01-04T13:10:08.068Z","pid":9199,"hostname":"B-E-T-H","msg":"getAllFromCache"}
{"level":30,"time":"2022-01-04T13:10:08.069Z","pid":9199,"hostname":"B-E-T-H","msg":"SocketManager.onOnline"}
{"level":30,"time":"2022-01-04T13:10:08.069Z","pid":9199,"hostname":"B-E-T-H","msg":"attachment_downloads/start: enabling"}
{"level":30,"time":"2022-01-04T13:10:08.072Z","pid":9199,"hostname":"B-E-T-H","msg":"PUT (WS) https://chat.signal.org/v1/devices/unauthenticated_delivery"}
{"level":30,"time":"2022-01-04T13:10:08.074Z","pid":9199,"hostname":"B-E-T-H","msg":"GET (REST) https://chat.signal.org/v2/keys/[REDACTED]9ec/*"}
{"level":30,"time":"2022-01-04T13:10:08.122Z","pid":9199,"hostname":"B-E-T-H","msg":"changedConvoBatcher: deduped 1 into 1"}
{"level":40,"time":"2022-01-04T13:10:08.230Z","pid":9199,"hostname":"B-E-T-H","msg":"WebSocketResource: Socket closed"}
{"level":50,"time":"2022-01-04T13:10:08.232Z","pid":9199,"hostname":"B-E-T-H","msg":"GET (WS) https://chat.signal.org/v1/certificate/delivery -1 Error"}
{"level":50,"time":"2022-01-04T13:10:08.233Z","pid":9199,"hostname":"B-E-T-H","msg":"GET (WS) https://chat.signal.org/v1/config -1 Error"}
{"level":30,"time":"2022-01-04T13:10:08.234Z","pid":9199,"hostname":"B-E-T-H","msg":"markConversationRead {\"conversationId\":\"[REDACTED]9a9\",\"newestUnreadId\":5837,\"unreadMessages\":0,\"unreadReactions\":0}"}
{"level":30,"time":"2022-01-04T13:10:08.238Z","pid":9199,"hostname":"B-E-T-H","msg":"getAllFromCache loaded 0 saved envelopes"}
{"level":30,"time":"2022-01-04T13:10:08.238Z","pid":9199,"hostname":"B-E-T-H","msg":"attachment_downloads/_maybeStartJob: no attachment jobs to run"}
{"level":30,"time":"2022-01-04T13:10:08.550Z","pid":9199,"hostname":"B-E-T-H","msg":"markConversationRead {\"conversationId\":\"[REDACTED]9a9\",\"newestUnreadId\":5834,\"unreadMessages\":0,\"unreadReactions\":0}"}
{"level":30,"time":"2022-01-04T13:10:08.989Z","pid":9199,"hostname":"B-E-T-H","msg":"SocketManager: connected unauthenticated socket"}
{"level":30,"time":"2022-01-04T13:10:08.990Z","pid":9199,"hostname":"B-E-T-H","msg":"SocketManager: starting expiration timer for unauthenticated socket"}
{"level":50,"time":"2022-01-04T13:10:08.994Z","pid":9199,"hostname":"B-E-T-H","msg":"Got 401 from Signal Server. We might be unlinked."}
{"level":50,"time":"2022-01-04T13:10:08.995Z","pid":9199,"hostname":"B-E-T-H","msg":"GET (REST) https://chat.signal.org/v2/keys/[REDACTED]9ec/* 401 Error"}
{"level":50,"time":"2022-01-04T13:10:09.000Z","pid":9199,"hostname":"B-E-T-H","msg":"Top-level unhandled promise rejection: Error: SendMessageProtoError: HTTPError: promiseAjax: error response; code: 401\n    at makeHTTPError ([REDACTED]/resources/app.asar/preload.bundle.js:2:11251614)\n    at _promiseAjax ([REDACTED]/resources/app.asar/preload.bundle.js:2:11250417)\n    at processTicksAndRejections (node:internal/process/task_queues:96:5)\n    at async _retryAjax ([REDACTED]/resources/app.asar/preload.bundle.js:2:11247596)\n    at async _ajax ([REDACTED]/resources/app.asar/preload.bundle.js:2:11285337)\n    at async Object.getKeysForIdentifier ([REDACTED]/resources/app.asar/preload.bundle.js:2:11263883)\n    at async getServerKeys ([REDACTED]/resources/app.asar/preload.bundle.js:2:11303920)\n    at async getKeysForIdentifier ([REDACTED]/resources/app.asar/preload.bundle.js:2:11303830)\n    at async OutgoingMessage.getKeysForIdentifier ([REDACTED]/resources/app.asar/preload.bundle.js:2:11168871)\n    at async OutgoingMessage.sendToIdentifier ([REDACTED]/resources/app.asar/preload.bundle.js:2:11177507)\nOriginal stack:\nError\n    at _outerAjax ([REDACTED]/resources/app.asar/preload.bundle.js:2:11251498)\n    at _ajax ([REDACTED]/resources/app.asar/preload.bundle.js:2:11285343)\n    at Object.getKeysForIdentifier ([REDACTED]/resources/app.asar/preload.bundle.js:2:11263889)\n    at getServerKeys ([REDACTED]/resources/app.asar/preload.bundle.js:2:11303933)\n    at getKeysForIdentifier ([REDACTED]/resources/app.asar/preload.bundle.js:2:11304197)\n    at OutgoingMessage.getKeysForIdentifier ([REDACTED]/resources/app.asar/preload.bundle.js:2:11168923)\n    at OutgoingMessage.sendToIdentifier ([REDACTED]/resources/app.asar/preload.bundle.js:2:11177518)\n    at processTicksAndRejections (node:internal/process/task_queues:96:5)\n    at async run ([REDACTED]/resources/app.asar/preload.bundle.js:2:11241947)\n    at async [REDACTED]/resources/app.asar/preload.bundle.js:2:11241979\n    at OutgoingMessage.callback ([REDACTED]/resources/app.asar/preload.bundle.js:2:11199308)\n    at OutgoingMessage.numberCompleted ([REDACTED]/resources/app.asar/preload.bundle.js:2:11167608)\n    at OutgoingMessage.registerError ([REDACTED]/resources/app.asar/preload.bundle.js:2:11168240)\n    at OutgoingMessage.sendToIdentifier ([REDACTED]/resources/app.asar/preload.bundle.js:2:11177955)\n    at processTicksAndRejections (node:internal/process/task_queues:96:5)\n    at async run ([REDACTED]/resources/app.asar/preload.bundle.js:2:11241947)\n    at async [REDACTED]/resources/app.asar/preload.bundle.js:2:11241979\n    at async [REDACTED]/resources/app.asar/preload.bundle.js:2:5656366"}
{"level":30,"time":"2022-01-04T13:10:09.040Z","pid":9199,"hostname":"B-E-T-H","msg":"markConversationRead {\"conversationId\":\"[REDACTED]9a9\",\"newestUnreadId\":5140,\"unreadMessages\":0,\"unreadReactions\":0}"}
{"level":50,"time":"2022-01-04T13:10:09.212Z","pid":9199,"hostname":"B-E-T-H","msg":"Got 401 from Signal Server. We might be unlinked."}
{"level":50,"time":"2022-01-04T13:10:09.212Z","pid":9199,"hostname":"B-E-T-H","msg":"PUT (WS) https://chat.signal.org/v1/devices/unauthenticated_delivery 401 Error"}
{"level":50,"time":"2022-01-04T13:10:09.212Z","pid":9199,"hostname":"B-E-T-H","msg":"Error: Unable to register for unauthenticated delivery support. HTTPError: promiseAjax: error response; code: 401\n    at makeHTTPError ([REDACTED]/resources/app.asar/preload.bundle.js:2:11251614)\n    at _promiseAjax ([REDACTED]/resources/app.asar/preload.bundle.js:2:11250417)\n    at processTicksAndRejections (node:internal/process/task_queues:96:5)\n    at async _retryAjax ([REDACTED]/resources/app.asar/preload.bundle.js:2:11247596)\n    at async _ajax ([REDACTED]/resources/app.asar/preload.bundle.js:2:11285337)\n    at async Object.registerSupportForUnauthenticatedDelivery ([REDACTED]/resources/app.asar/preload.bundle.js:2:11281038)\n    at async connect ([REDACTED]/resources/app.asar/preload.bundle.js:2:8271388)\nOriginal stack:\nError\n    at _outerAjax ([REDACTED]/resources/app.asar/preload.bundle.js:2:11251498)\n    at _ajax ([REDACTED]/resources/app.asar/preload.bundle.js:2:11285343)\n    at Object.registerSupportForUnauthenticatedDelivery ([REDACTED]/resources/app.asar/preload.bundle.js:2:11281044)\n    at connect ([REDACTED]/resources/app.asar/preload.bundle.js:2:8271401)\n    at processTicksAndRejections (node:internal/process/task_queues:96:5)"}
{"level":30,"time":"2022-01-04T13:10:09.212Z","pid":9199,"hostname":"B-E-T-H","msg":"PNI not captured during registration, fetching"}
{"level":30,"time":"2022-01-04T13:10:09.213Z","pid":9199,"hostname":"B-E-T-H","msg":"GET (REST) https://chat.signal.org/v1/accounts/whoami"}
{"level":50,"time":"2022-01-04T13:10:09.216Z","pid":9199,"hostname":"B-E-T-H","msg":"Got 401 from Signal Server. We might be unlinked."}
{"level":50,"time":"2022-01-04T13:10:09.216Z","pid":9199,"hostname":"B-E-T-H","msg":"GET (WS) https://chat.signal.org/v1/certificate/group/18996/19003?identity=aci 401 Error"}
{"level":30,"time":"2022-01-04T13:10:09.217Z","pid":9199,"hostname":"B-E-T-H","msg":"runWithRetry: maybeFetchNewCredentials failed. Waiting 1000ms for retry. Error: HTTPError: promiseAjax: error response; code: 401\n    at makeHTTPError ([REDACTED]/resources/app.asar/preload.bundle.js:2:11251614)\n    at _promiseAjax ([REDACTED]/resources/app.asar/preload.bundle.js:2:11250417)\n    at processTicksAndRejections (node:internal/process/task_queues:96:5)\n    at async _retryAjax ([REDACTED]/resources/app.asar/preload.bundle.js:2:11247596)\n    at async _ajax ([REDACTED]/resources/app.asar/preload.bundle.js:2:11285337)\n    at async Object.getGroupCredentials ([REDACTED]/resources/app.asar/preload.bundle.js:2:11261245)\n    at async maybeFetchNewCredentials ([REDACTED]/resources/app.asar/preload.bundle.js:2:10524996)\n    at async runWithRetry ([REDACTED]/resources/app.asar/preload.bundle.js:2:10523733)\n    at async Object.initializeGroupCredentialFetcher ([REDACTED]/resources/app.asar/preload.bundle.js:2:10523412)\nOriginal stack:\nError\n    at _outerAjax ([REDACTED]/resources/app.asar/preload.bundle.js:2:11251498)\n    at _ajax ([REDACTED]/resources/app.asar/preload.bundle.js:2:11285343)\n    at Object.getGroupCredentials ([REDACTED]/resources/app.asar/preload.bundle.js:2:11261251)\n    at AccountManager.getGroupCredentials ([REDACTED]/resources/app.asar/preload.bundle.js:2:11095003)\n    at maybeFetchNewCredentials ([REDACTED]/resources/app.asar/preload.bundle.js:2:10525017)\n    at runWithRetry ([REDACTED]/resources/app.asar/preload.bundle.js:2:10523739)\n    at Object.initializeGroupCredentialFetcher ([REDACTED]/resources/app.asar/preload.bundle.js:2:10523418)\n    at connect ([REDACTED]/resources/app.asar/preload.bundle.js:2:8270421)\n    at processTicksAndRejections (node:internal/process/task_queues:96:5)"}
{"level":30,"time":"2022-01-04T13:10:09.235Z","pid":9199,"hostname":"B-E-T-H","msg":"GET (WS) https://chat.signal.org/v1/certificate/delivery"}
{"level":30,"time":"2022-01-04T13:10:09.237Z","pid":9199,"hostname":"B-E-T-H","msg":"GET (WS) https://chat.signal.org/v1/config"}
{"level":50,"time":"2022-01-04T13:10:09.434Z","pid":9199,"hostname":"B-E-T-H","msg":"Got 401 from Signal Server. We might be unlinked."}
{"level":50,"time":"2022-01-04T13:10:09.436Z","pid":9199,"hostname":"B-E-T-H","msg":"GET (REST) https://chat.signal.org/v1/accounts/whoami 401 Error"}
{"level":50,"time":"2022-01-04T13:10:09.437Z","pid":9199,"hostname":"B-E-T-H","msg":"Top-level unhandled promise rejection: HTTPError: promiseAjax: error response; code: 401\n    at makeHTTPError ([REDACTED]/resources/app.asar/preload.bundle.js:2:11251614)\n    at _promiseAjax ([REDACTED]/resources/app.asar/preload.bundle.js:2:11250417)\n    at processTicksAndRejections (node:internal/process/task_queues:96:5)\n    at async _retryAjax ([REDACTED]/resources/app.asar/preload.bundle.js:2:11247596)\n    at async _ajax ([REDACTED]/resources/app.asar/preload.bundle.js:2:11285337)\n    at async Object.whoami ([REDACTED]/resources/app.asar/preload.bundle.js:2:11284295)\n    at async connect ([REDACTED]/resources/app.asar/preload.bundle.js:2:8271991)\nOriginal stack:\nError\n    at _outerAjax ([REDACTED]/resources/app.asar/preload.bundle.js:2:11251498)\n    at _ajax ([REDACTED]/resources/app.asar/preload.bundle.js:2:11285343)\n    at Object.whoami ([REDACTED]/resources/app.asar/preload.bundle.js:2:11284301)\n    at connect ([REDACTED]/resources/app.asar/preload.bundle.js:2:8272004)\n    at processTicksAndRejections (node:internal/process/task_queues:96:5)"}
{"level":50,"time":"2022-01-04T13:10:09.448Z","pid":9199,"hostname":"B-E-T-H","msg":"Got 401 from Signal Server. We might be unlinked."}
{"level":50,"time":"2022-01-04T13:10:09.448Z","pid":9199,"hostname":"B-E-T-H","msg":"GET (WS) https://chat.signal.org/v1/certificate/delivery 401 Error"}
{"level":40,"time":"2022-01-04T13:10:09.449Z","pid":9199,"hostname":"B-E-T-H","msg":"Sender certificate service could not fetch a yes-E164 certificate. Returning undefined HTTPError: promiseAjax: error response; code: 401\n    at makeHTTPError ([REDACTED]/resources/app.asar/preload.bundle.js:2:11251614)\n    at _promiseAjax ([REDACTED]/resources/app.asar/preload.bundle.js:2:11250417)\n    at processTicksAndRejections (node:internal/process/task_queues:96:5)\n    at async _retryAjax ([REDACTED]/resources/app.asar/preload.bundle.js:2:11247596)\n    at async _ajax ([REDACTED]/resources/app.asar/preload.bundle.js:2:11285337)\n    at async Object.getSenderCertificate ([REDACTED]/resources/app.asar/preload.bundle.js:2:11266651)\n    at async SenderCertificateService.requestSenderCertificate ([REDACTED]/resources/app.asar/preload.bundle.js:2:10543080)\n    at async SenderCertificateService.fetchAndSaveCertificate ([REDACTED]/resources/app.asar/preload.bundle.js:2:10541980)\n    at async [REDACTED]/resources/app.asar/preload.bundle.js:2:10541158\n    at async getSendOptions ([REDACTED]/resources/app.asar/preload.bundle.js:2:11489856)\nOriginal stack:\nError\n    at _outerAjax ([REDACTED]/resources/app.asar/preload.bundle.js:2:11251498)\n    at _ajax ([REDACTED]/resources/app.asar/preload.bundle.js:2:11285343)\n    at Object.getSenderCertificate ([REDACTED]/resources/app.asar/preload.bundle.js:2:11266657)\n    at SenderCertificateService.requestSenderCertificate ([REDACTED]/resources/app.asar/preload.bundle.js:2:10543093)\n    at SenderCertificateService.fetchAndSaveCertificate ([REDACTED]/resources/app.asar/preload.bundle.js:2:10541991)\n    at async [REDACTED]/resources/app.asar/preload.bundle.js:2:10541158"}
{"level":30,"time":"2022-01-04T13:10:09.450Z","pid":9199,"hostname":"B-E-T-H","msg":"GET (WS) https://chat.signal.org/v1/profile/[REDACTED]d49/[REDACTED]8e7 (unauth)"}
{"level":50,"time":"2022-01-04T13:10:09.462Z","pid":9199,"hostname":"B-E-T-H","msg":"Got 401 from Signal Server. We might be unlinked."}
{"level":50,"time":"2022-01-04T13:10:09.463Z","pid":9199,"hostname":"B-E-T-H","msg":"GET (WS) https://chat.signal.org/v1/config 401 Error"}
{"level":50,"time":"2022-01-04T13:10:09.463Z","pid":9199,"hostname":"B-E-T-H","msg":"Top-level unhandled promise rejection: HTTPError: promiseAjax: error response; code: 401\n    at makeHTTPError ([REDACTED]/resources/app.asar/preload.bundle.js:2:11251614)\n    at _promiseAjax ([REDACTED]/resources/app.asar/preload.bundle.js:2:11250417)\n    at processTicksAndRejections (node:internal/process/task_queues:96:5)\n    at async _retryAjax ([REDACTED]/resources/app.asar/preload.bundle.js:2:11247596)\n    at async _ajax ([REDACTED]/resources/app.asar/preload.bundle.js:2:11285337)\n    at async Object.getConfig ([REDACTED]/resources/app.asar/preload.bundle.js:2:11260348)\n    at async exports.refreshRemoteConfig ([REDACTED]/resources/app.asar/preload.bundle.js:2:8185451)\n    at async Object.initRemoteConfig ([REDACTED]/resources/app.asar/preload.bundle.js:2:8185115)\nOriginal stack:\nError\n    at _outerAjax ([REDACTED]/resources/app.asar/preload.bundle.js:2:11251498)\n    at _ajax ([REDACTED]/resources/app.asar/preload.bundle.js:2:11285343)\n    at Object.getConfig ([REDACTED]/resources/app.asar/preload.bundle.js:2:11260354)\n    at exports.refreshRemoteConfig ([REDACTED]/resources/app.asar/preload.bundle.js:2:8185464)\n    at invokeFunc ([REDACTED]/resources/app.asar/preload.bundle.js:2:4732084)\n    at leadingEdge ([REDACTED]/resources/app.asar/preload.bundle.js:2:4732204)\n    at debounced ([REDACTED]/resources/app.asar/preload.bundle.js:2:4732976)\n    at Object.initRemoteConfig ([REDACTED]/resources/app.asar/preload.bundle.js:2:8185156)\n    at [REDACTED]/resources/app.asar/preload.bundle.js:2:8245731\n    at processTicksAndRejections (node:internal/process/task_queues:96:5)"}
{"level":30,"time":"2022-01-04T13:10:09.564Z","pid":9199,"hostname":"B-E-T-H","msg":"markConversationRead {\"conversationId\":\"[REDACTED]9a9\",\"newestUnreadId\":5100,\"unreadMessages\":0,\"unreadReactions\":0}"}
{"level":30,"time":"2022-01-04T13:10:09.686Z","pid":9199,"hostname":"B-E-T-H","msg":"GET (WS) https://chat.signal.org/v1/profile/[REDACTED]d49/[REDACTED]8e7 200 Success"}
{"level":30,"time":"2022-01-04T13:10:09.687Z","pid":9199,"hostname":"B-E-T-H","msg":"saveIdentity: Saving new identity..."}
{"level":30,"time":"2022-01-04T13:10:09.725Z","pid":9199,"hostname":"B-E-T-H","msg":"Setting sealedSender to ENABLED for conversation [REDACTED]d49 ([REDACTED]9a9)"}
{"level":30,"time":"2022-01-04T13:10:09.729Z","pid":9199,"hostname":"B-E-T-H","msg":"GET (REST) https://cdn.signal.org/[REDACTED]Qeg"}
{"level":30,"time":"2022-01-04T13:10:10.090Z","pid":9199,"hostname":"B-E-T-H","msg":"markConversationRead {\"conversationId\":\"[REDACTED]9a9\",\"newestUnreadId\":5017,\"unreadMessages\":0,\"unreadReactions\":0}"}
{"level":30,"time":"2022-01-04T13:10:10.217Z","pid":9199,"hostname":"B-E-T-H","msg":"maybeFetchCredentials: fetching credentials for 18996 through 19003"}
{"level":30,"time":"2022-01-04T13:10:10.218Z","pid":9199,"hostname":"B-E-T-H","msg":"GET (WS) https://chat.signal.org/v1/certificate/group/18996/19003?identity=aci"}
{"level":50,"time":"2022-01-04T13:10:10.432Z","pid":9199,"hostname":"B-E-T-H","msg":"Got 401 from Signal Server. We might be unlinked."}
{"level":50,"time":"2022-01-04T13:10:10.432Z","pid":9199,"hostname":"B-E-T-H","msg":"GET (WS) https://chat.signal.org/v1/certificate/group/18996/19003?identity=aci 401 Error"}
{"level":30,"time":"2022-01-04T13:10:10.432Z","pid":9199,"hostname":"B-E-T-H","msg":"runWithRetry: maybeFetchNewCredentials failed. Waiting 5000ms for retry. Error: HTTPError: promiseAjax: error response; code: 401\n    at makeHTTPError ([REDACTED]/resources/app.asar/preload.bundle.js:2:11251614)\n    at _promiseAjax ([REDACTED]/resources/app.asar/preload.bundle.js:2:11250417)\n    at processTicksAndRejections (node:internal/process/task_queues:96:5)\n    at async _retryAjax ([REDACTED]/resources/app.asar/preload.bundle.js:2:11247596)\n    at async _ajax ([REDACTED]/resources/app.asar/preload.bundle.js:2:11285337)\n    at async Object.getGroupCredentials ([REDACTED]/resources/app.asar/preload.bundle.js:2:11261245)\n    at async maybeFetchNewCredentials ([REDACTED]/resources/app.asar/preload.bundle.js:2:10524996)\n    at async runWithRetry ([REDACTED]/resources/app.asar/preload.bundle.js:2:10523733)\n    at async Object.initializeGroupCredentialFetcher ([REDACTED]/resources/app.asar/preload.bundle.js:2:10523412)\nOriginal stack:\nError\n    at _outerAjax ([REDACTED]/resources/app.asar/preload.bundle.js:2:11251498)\n    at _ajax ([REDACTED]/resources/app.asar/preload.bundle.js:2:11285343)\n    at Object.getGroupCredentials ([REDACTED]/resources/app.asar/preload.bundle.js:2:11261251)\n    at AccountManager.getGroupCredentials ([REDACTED]/resources/app.asar/preload.bundle.js:2:11095003)\n    at maybeFetchNewCredentials ([REDACTED]/resources/app.asar/preload.bundle.js:2:10525017)\n    at runWithRetry ([REDACTED]/resources/app.asar/preload.bundle.js:2:10523739)\n    at async Object.initializeGroupCredentialFetcher ([REDACTED]/resources/app.asar/preload.bundle.js:2:10523412)"}
{"level":30,"time":"2022-01-04T13:10:10.566Z","pid":9199,"hostname":"B-E-T-H","msg":"markConversationRead {\"conversationId\":\"[REDACTED]9a9\",\"newestUnreadId\":5017,\"unreadMessages\":0,\"unreadReactions\":0}"}
{"level":30,"time":"2022-01-04T13:10:11.189Z","pid":9199,"hostname":"B-E-T-H","msg":"GET (REST) https://cdn.signal.org/[REDACTED]Qeg 200 Success"}
{"level":30,"time":"2022-01-04T13:10:11.901Z","pid":9199,"hostname":"B-E-T-H","msg":"NotificationService: clearing notification and requesting an update"}
{"level":40,"time":"2022-01-04T13:10:11.902Z","pid":9199,"hostname":"B-E-T-H","msg":"registerForActive: Failed to to refresh remote config. Code: 401"}
{"level":30,"time":"2022-01-04T13:10:12.409Z","pid":9199,"hostname":"B-E-T-H","msg":"markConversationRead {\"conversationId\":\"[REDACTED]9a9\",\"newestUnreadId\":5017,\"unreadMessages\":0,\"unreadReactions\":0}"}
{"level":30,"time":"2022-01-04T13:10:12.901Z","pid":9199,"hostname":"B-E-T-H","msg":"NotificationService not updating notifications. Notifications are disabled; app is focused; there is no notification data"}
{"level":30,"time":"2022-01-04T13:10:14.832Z","pid":9199,"hostname":"B-E-T-H","msg":"markConversationRead {\"conversationId\":\"[REDACTED]9a9\",\"newestUnreadId\":5017,\"unreadMessages\":0,\"unreadReactions\":0}"}
{"level":30,"time":"2022-01-04T13:10:15.057Z","pid":9199,"hostname":"B-E-T-H","msg":"unloading conversation [REDACTED]d49 ([REDACTED]9a9) due to: model trigger - opened another conversation"}
{"level":40,"time":"2022-01-04T13:10:15.092Z","pid":9199,"hostname":"B-E-T-H","msg":"Recorder/stop: Called with no recorder"}
{"level":30,"time":"2022-01-04T13:10:15.121Z","pid":9199,"hostname":"B-E-T-H","msg":"Sender certificate service: fetching and saving a yes-E164 certificate"}
{"level":30,"time":"2022-01-04T13:10:15.121Z","pid":9199,"hostname":"B-E-T-H","msg":"GET (WS) https://chat.signal.org/v1/certificate/delivery"}
{"level":30,"time":"2022-01-04T13:10:15.133Z","pid":9199,"hostname":"B-E-T-H","msg":"changedConvoBatcher: deduped 1 into 1"}
{"level":50,"time":"2022-01-04T13:10:15.464Z","pid":9199,"hostname":"B-E-T-H","msg":"Got 401 from Signal Server. We might be unlinked."}
{"level":30,"time":"2022-01-04T13:10:15.464Z","pid":9199,"hostname":"B-E-T-H","msg":"reconnectToWebSocket starting..."}
{"level":30,"time":"2022-01-04T13:10:15.464Z","pid":9199,"hostname":"B-E-T-H","msg":"SocketManager.onOffline"}
{"level":40,"time":"2022-01-04T13:10:15.464Z","pid":9199,"hostname":"B-E-T-H","msg":"WebSocket: closing socket unauthenticated"}
{"level":30,"time":"2022-01-04T13:10:15.464Z","pid":9199,"hostname":"B-E-T-H","msg":"WebSocketResource.close()"}
{"level":30,"time":"2022-01-04T13:10:15.465Z","pid":9199,"hostname":"B-E-T-H","msg":"SocketManager.onOnline"}
{"level":50,"time":"2022-01-04T13:10:15.465Z","pid":9199,"hostname":"B-E-T-H","msg":"GET (WS) https://chat.signal.org/v1/certificate/delivery 401 Error"}
{"level":30,"time":"2022-01-04T13:10:15.465Z","pid":9199,"hostname":"B-E-T-H","msg":"reconnectToWebSocket complete."}
{"level":40,"time":"2022-01-04T13:10:15.465Z","pid":9199,"hostname":"B-E-T-H","msg":"Sender certificate service could not fetch a yes-E164 certificate. Returning undefined HTTPError: promiseAjax: error response; code: 401\n    at makeHTTPError ([REDACTED]/resources/app.asar/preload.bundle.js:2:11251614)\n    at _promiseAjax ([REDACTED]/resources/app.asar/preload.bundle.js:2:11250417)\n    at processTicksAndRejections (node:internal/process/task_queues:96:5)\n    at async _retryAjax ([REDACTED]/resources/app.asar/preload.bundle.js:2:11247596)\n    at async _ajax ([REDACTED]/resources/app.asar/preload.bundle.js:2:11285337)\n    at async Object.getSenderCertificate ([REDACTED]/resources/app.asar/preload.bundle.js:2:11266651)\n    at async SenderCertificateService.requestSenderCertificate ([REDACTED]/resources/app.asar/preload.bundle.js:2:10543080)\n    at async SenderCertificateService.fetchAndSaveCertificate ([REDACTED]/resources/app.asar/preload.bundle.js:2:10541980)\n    at async [REDACTED]/resources/app.asar/preload.bundle.js:2:10541158\n    at async getSendOptions ([REDACTED]/resources/app.asar/preload.bundle.js:2:11489856)\nOriginal stack:\nError\n    at _outerAjax ([REDACTED]/resources/app.asar/preload.bundle.js:2:11251498)\n    at _ajax ([REDACTED]/resources/app.asar/preload.bundle.js:2:11285343)\n    at Object.getSenderCertificate ([REDACTED]/resources/app.asar/preload.bundle.js:2:11266657)\n    at SenderCertificateService.requestSenderCertificate ([REDACTED]/resources/app.asar/preload.bundle.js:2:10543093)\n    at SenderCertificateService.fetchAndSaveCertificate ([REDACTED]/resources/app.asar/preload.bundle.js:2:10541991)\n    at async [REDACTED]/resources/app.asar/preload.bundle.js:2:10541158"}
{"level":30,"time":"2022-01-04T13:10:15.465Z","pid":9199,"hostname":"B-E-T-H","msg":"GET (WS) https://chat.signal.org/v1/profile/[REDACTED]a7f/[REDACTED]39e (unauth)"}
{"level":30,"time":"2022-01-04T13:10:15.465Z","pid":9199,"hostname":"B-E-T-H","msg":"SocketManager: connecting unauthenticated socket"}
{"level":30,"time":"2022-01-04T13:10:15.484Z","pid":9199,"hostname":"B-E-T-H","msg":"maybeFetchCredentials: fetching credentials for 18996 through 19003"}
{"level":30,"time":"2022-01-04T13:10:15.484Z","pid":9199,"hostname":"B-E-T-H","msg":"GET (WS) https://chat.signal.org/v1/certificate/group/18996/19003?identity=aci"}
{"level":40,"time":"2022-01-04T13:10:15.496Z","pid":9199,"hostname":"B-E-T-H","msg":"WebSocketResource: Socket closed"}
{"level":30,"time":"2022-01-04T13:10:15.533Z","pid":9199,"hostname":"B-E-T-H","msg":"markConversationRead {\"conversationId\":\"[REDACTED]7b8\",\"newestUnreadId\":5842,\"unreadMessages\":0,\"unreadReactions\":0}"}
{"level":30,"time":"2022-01-04T13:10:16.358Z","pid":9199,"hostname":"B-E-T-H","msg":"SocketManager: connected unauthenticated socket"}
{"level":30,"time":"2022-01-04T13:10:16.358Z","pid":9199,"hostname":"B-E-T-H","msg":"SocketManager: starting expiration timer for unauthenticated socket"}
{"level":50,"time":"2022-01-04T13:10:16.577Z","pid":9199,"hostname":"B-E-T-H","msg":"Got 401 from Signal Server. We might be unlinked."}
{"level":30,"time":"2022-01-04T13:10:16.577Z","pid":9199,"hostname":"B-E-T-H","msg":"reconnectToWebSocket starting..."}
{"level":30,"time":"2022-01-04T13:10:16.577Z","pid":9199,"hostname":"B-E-T-H","msg":"SocketManager.onOffline"}
{"level":40,"time":"2022-01-04T13:10:16.577Z","pid":9199,"hostname":"B-E-T-H","msg":"WebSocket: closing socket unauthenticated"}
{"level":30,"time":"2022-01-04T13:10:16.577Z","pid":9199,"hostname":"B-E-T-H","msg":"WebSocketResource.close()"}
{"level":30,"time":"2022-01-04T13:10:16.578Z","pid":9199,"hostname":"B-E-T-H","msg":"SocketManager.onOnline"}
{"level":50,"time":"2022-01-04T13:10:16.578Z","pid":9199,"hostname":"B-E-T-H","msg":"GET (WS) https://chat.signal.org/v1/certificate/group/18996/19003?identity=aci 401 Error"}
{"level":30,"time":"2022-01-04T13:10:16.578Z","pid":9199,"hostname":"B-E-T-H","msg":"reconnectToWebSocket complete."}
{"level":30,"time":"2022-01-04T13:10:16.578Z","pid":9199,"hostname":"B-E-T-H","msg":"runWithRetry: maybeFetchNewCredentials failed. Waiting 30000ms for retry. Error: HTTPError: promiseAjax: error response; code: 401\n    at makeHTTPError ([REDACTED]/resources/app.asar/preload.bundle.js:2:11251614)\n    at _promiseAjax ([REDACTED]/resources/app.asar/preload.bundle.js:2:11250417)\n    at processTicksAndRejections (node:internal/process/task_queues:96:5)\n    at async _retryAjax ([REDACTED]/resources/app.asar/preload.bundle.js:2:11247596)\n    at async _ajax ([REDACTED]/resources/app.asar/preload.bundle.js:2:11285337)\n    at async Object.getGroupCredentials ([REDACTED]/resources/app.asar/preload.bundle.js:2:11261245)\n    at async maybeFetchNewCredentials ([REDACTED]/resources/app.asar/preload.bundle.js:2:10524996)\n    at async runWithRetry ([REDACTED]/resources/app.asar/preload.bundle.js:2:10523733)\n    at async Object.initializeGroupCredentialFetcher ([REDACTED]/resources/app.asar/preload.bundle.js:2:10523412)\nOriginal stack:\nError\n    at _outerAjax ([REDACTED]/resources/app.asar/preload.bundle.js:2:11251498)\n    at _ajax ([REDACTED]/resources/app.asar/preload.bundle.js:2:11285343)\n    at Object.getGroupCredentials ([REDACTED]/resources/app.asar/preload.bundle.js:2:11261251)\n    at AccountManager.getGroupCredentials ([REDACTED]/resources/app.asar/preload.bundle.js:2:11095003)\n    at maybeFetchNewCredentials ([REDACTED]/resources/app.asar/preload.bundle.js:2:10525017)\n    at runWithRetry ([REDACTED]/resources/app.asar/preload.bundle.js:2:10523739)\n    at async Object.initializeGroupCredentialFetcher ([REDACTED]/resources/app.asar/preload.bundle.js:2:10523412)"}
{"level":40,"time":"2022-01-04T13:10:16.587Z","pid":9199,"hostname":"B-E-T-H","msg":"WebSocketResource: Socket closed"}
{"level":50,"time":"2022-01-04T13:10:16.587Z","pid":9199,"hostname":"B-E-T-H","msg":"GET (WS) https://chat.signal.org/v1/profile/[REDACTED]a7f/[REDACTED]39e -1 Error"}
{"level":30,"time":"2022-01-04T13:10:16.901Z","pid":9199,"hostname":"B-E-T-H","msg":"NotificationService: clearing notification and requesting an update"}
{"level":40,"time":"2022-01-04T13:10:16.901Z","pid":9199,"hostname":"B-E-T-H","msg":"registerForActive: Failed to to refresh remote config. Code: 401"}
{"level":30,"time":"2022-01-04T13:10:17.409Z","pid":9199,"hostname":"B-E-T-H","msg":"markConversationRead {\"conversationId\":\"[REDACTED]7b8\",\"newestUnreadId\":5842,\"unreadMessages\":0,\"unreadReactions\":0}"}
{"level":30,"time":"2022-01-04T13:10:17.588Z","pid":9199,"hostname":"B-E-T-H","msg":"GET (WS) https://chat.signal.org/v1/profile/[REDACTED]a7f/[REDACTED]39e (unauth)"}
{"level":30,"time":"2022-01-04T13:10:17.588Z","pid":9199,"hostname":"B-E-T-H","msg":"SocketManager: connecting unauthenticated socket"}
{"level":30,"time":"2022-01-04T13:10:17.905Z","pid":9199,"hostname":"B-E-T-H","msg":"NotificationService not updating notifications. Notifications are disabled; app is focused; there is no notification data"}
{"level":30,"time":"2022-01-04T13:10:18.544Z","pid":9199,"hostname":"B-E-T-H","msg":"markConversationRead {\"conversationId\":\"[REDACTED]7b8\",\"newestUnreadId\":5737,\"unreadMessages\":0,\"unreadReactions\":0}"}
{"level":30,"time":"2022-01-04T13:10:18.835Z","pid":9199,"hostname":"B-E-T-H","msg":"SocketManager: connected unauthenticated socket"}
{"level":30,"time":"2022-01-04T13:10:18.835Z","pid":9199,"hostname":"B-E-T-H","msg":"SocketManager: starting expiration timer for unauthenticated socket"}
{"level":30,"time":"2022-01-04T13:10:18.976Z","pid":9199,"hostname":"B-E-T-H","msg":"markConversationRead {\"conversationId\":\"[REDACTED]7b8\",\"newestUnreadId\":5717,\"unreadMessages\":0,\"unreadReactions\":0}"}
{"level":30,"time":"2022-01-04T13:10:19.327Z","pid":9199,"hostname":"B-E-T-H","msg":"GET (WS) https://chat.signal.org/v1/profile/[REDACTED]a7f/[REDACTED]39e 200 Success"}
{"level":30,"time":"2022-01-04T13:10:19.327Z","pid":9199,"hostname":"B-E-T-H","msg":"saveIdentity: Saving new identity..."}
{"level":30,"time":"2022-01-04T13:10:19.437Z","pid":9199,"hostname":"B-E-T-H","msg":"Setting sealedSender to ENABLED for conversation [REDACTED]a7f ([REDACTED]7b8)"}
{"level":30,"time":"2022-01-04T13:10:19.914Z","pid":9199,"hostname":"B-E-T-H","msg":"markConversationRead {\"conversationId\":\"[REDACTED]7b8\",\"newestUnreadId\":5519,\"unreadMessages\":0,\"unreadReactions\":0}"}
{"level":30,"time":"2022-01-04T13:10:20.459Z","pid":9199,"hostname":"B-E-T-H","msg":"markConversationRead {\"conversationId\":\"[REDACTED]7b8\",\"newestUnreadId\":5618,\"unreadMessages\":0,\"unreadReactions\":0}"}
{"level":30,"time":"2022-01-04T13:10:20.899Z","pid":9199,"hostname":"B-E-T-H","msg":"markConversationRead {\"conversationId\":\"[REDACTED]7b8\",\"newestUnreadId\":5599,\"unreadMessages\":0,\"unreadReactions\":0}"}
{"level":30,"time":"2022-01-04T13:10:21.458Z","pid":9199,"hostname":"B-E-T-H","msg":"markConversationRead {\"conversationId\":\"[REDACTED]7b8\",\"newestUnreadId\":5515,\"unreadMessages\":0,\"unreadReactions\":0}"}
{"level":30,"time":"2022-01-04T13:10:21.973Z","pid":9199,"hostname":"B-E-T-H","msg":"markConversationRead {\"conversationId\":\"[REDACTED]7b8\",\"newestUnreadId\":5583,\"unreadMessages\":0,\"unreadReactions\":0}"}
{"level":30,"time":"2022-01-04T13:10:22.529Z","pid":9199,"hostname":"B-E-T-H","msg":"markConversationRead {\"conversationId\":\"[REDACTED]7b8\",\"newestUnreadId\":5630,\"unreadMessages\":0,\"unreadReactions\":0}"}
{"level":30,"time":"2022-01-04T13:10:22.974Z","pid":9199,"hostname":"B-E-T-H","msg":"markConversationRead {\"conversationId\":\"[REDACTED]7b8\",\"newestUnreadId\":5658,\"unreadMessages\":0,\"unreadReactions\":0}"}
{"level":30,"time":"2022-01-04T13:10:24.584Z","pid":9199,"hostname":"B-E-T-H","msg":"markConversationRead {\"conversationId\":\"[REDACTED]7b8\",\"newestUnreadId\":5842,\"unreadMessages\":0,\"unreadReactions\":0}"}
{"level":30,"time":"2022-01-04T13:10:25.085Z","pid":9199,"hostname":"B-E-T-H","msg":"markConversationRead {\"conversationId\":\"[REDACTED]7b8\",\"newestUnreadId\":5842,\"unreadMessages\":0,\"unreadReactions\":0}"}
{"level":30,"time":"2022-01-04T13:10:27.722Z","pid":9245,"hostname":"B-E-T-H","msg":"@signalapp/signal-client Initializing libsignal-client version:0.11.0 signal_node::logging rust/bridge/node/src/logging.rs:139"}
{"level":30,"time":"2022-01-04T13:10:27.994Z","pid":9199,"hostname":"B-E-T-H","msg":"src/webrtc/peer_connection_factory.rs:539 PeerConnectionFactory::get_audio_recording_devices(): device_count: 2"}
{"level":30,"time":"2022-01-04T13:10:27.995Z","pid":9199,"hostname":"B-E-T-H","msg":"src/webrtc/peer_connection_factory.rs:388 PeerConnectionFactory::get_audio_playout_devices(): device_count: 2"}
{"level":30,"time":"2022-01-04T13:10:36.731Z","pid":9199,"hostname":"B-E-T-H","msg":"NotificationService: clearing notification and requesting an update"}
{"level":40,"time":"2022-01-04T13:10:36.731Z","pid":9199,"hostname":"B-E-T-H","msg":"registerForActive: Failed to to refresh remote config. Code: 401"}
{"level":30,"time":"2022-01-04T13:10:37.241Z","pid":9199,"hostname":"B-E-T-H","msg":"markConversationRead {\"conversationId\":\"[REDACTED]7b8\",\"newestUnreadId\":5842,\"unreadMessages\":0,\"unreadReactions\":0}"}
{"level":30,"time":"2022-01-04T13:10:37.866Z","pid":9199,"hostname":"B-E-T-H","msg":"unloading conversation [REDACTED]a7f ([REDACTED]7b8) due to: model trigger - opened another conversation"}
{"level":40,"time":"2022-01-04T13:10:37.896Z","pid":9199,"hostname":"B-E-T-H","msg":"Recorder/stop: Called with no recorder"}
{"level":30,"time":"2022-01-04T13:10:37.918Z","pid":9199,"hostname":"B-E-T-H","msg":"GET (WS) https://chat.signal.org/v1/profile/[REDACTED]9ec/[REDACTED]027"}
{"level":30,"time":"2022-01-04T13:10:37.927Z","pid":9199,"hostname":"B-E-T-H","msg":"NotificationService not updating notifications. Notifications are disabled; app is focused; there is no notification data"}
{"level":30,"time":"2022-01-04T13:10:38.044Z","pid":9199,"hostname":"B-E-T-H","msg":"MessageAudio: loading audio and computing waveform"}
{"level":30,"time":"2022-01-04T13:10:38.044Z","pid":9199,"hostname":"B-E-T-H","msg":"GlobalAudioContext: queue computing peaks for [REDACTED]/37/37baec3dd2adad1357e3d743f340380118f3cd9b09ab7b8c8848132b4c01d489:47"}
{"level":30,"time":"2022-01-04T13:10:38.044Z","pid":9199,"hostname":"B-E-T-H","msg":"GlobalAudioContext: waveform cache miss [REDACTED]/37/37baec3dd2adad1357e3d743f340380118f3cd9b09ab7b8c8848132b4c01d489"}
{"level":30,"time":"2022-01-04T13:10:38.046Z","pid":9199,"hostname":"B-E-T-H","msg":"MessageAudio: pausing old owner [REDACTED]f6e"}
{"level":50,"time":"2022-01-04T13:10:38.131Z","pid":9199,"hostname":"B-E-T-H","msg":"Got 401 from Signal Server. We might be unlinked."}
{"level":30,"time":"2022-01-04T13:10:38.131Z","pid":9199,"hostname":"B-E-T-H","msg":"reconnectToWebSocket starting..."}
{"level":30,"time":"2022-01-04T13:10:38.131Z","pid":9199,"hostname":"B-E-T-H","msg":"SocketManager.onOffline"}
{"level":40,"time":"2022-01-04T13:10:38.132Z","pid":9199,"hostname":"B-E-T-H","msg":"WebSocket: closing socket unauthenticated"}
{"level":30,"time":"2022-01-04T13:10:38.132Z","pid":9199,"hostname":"B-E-T-H","msg":"WebSocketResource.close()"}
{"level":30,"time":"2022-01-04T13:10:38.132Z","pid":9199,"hostname":"B-E-T-H","msg":"SocketManager.onOnline"}
{"level":50,"time":"2022-01-04T13:10:38.132Z","pid":9199,"hostname":"B-E-T-H","msg":"GET (WS) https://chat.signal.org/v1/profile/[REDACTED]9ec/[REDACTED]027 401 Error"}
{"level":30,"time":"2022-01-04T13:10:38.132Z","pid":9199,"hostname":"B-E-T-H","msg":"reconnectToWebSocket complete."}
{"level":40,"time":"2022-01-04T13:10:38.132Z","pid":9199,"hostname":"B-E-T-H","msg":"getProfile failure: [REDACTED]9ec ([REDACTED]f05) HTTPError: promiseAjax: error response; code: 401\n    at makeHTTPError ([REDACTED]/resources/app.asar/preload.bundle.js:2:11251614)\n    at _promiseAjax ([REDACTED]/resources/app.asar/preload.bundle.js:2:11250417)\n    at processTicksAndRejections (node:internal/process/task_queues:96:5)\n    at async _retryAjax ([REDACTED]/resources/app.asar/preload.bundle.js:2:11247596)\n    at async _ajax ([REDACTED]/resources/app.asar/preload.bundle.js:2:11285337)\n    at async Object.getProfile ([REDACTED]/resources/app.asar/preload.bundle.js:2:11264742)\n    at async getProfile ([REDACTED]/resources/app.asar/preload.bundle.js:2:11482870)\n    at async Promise.all (index 0)\n    at async ConversationModel.getProfiles ([REDACTED]/resources/app.asar/preload.bundle.js:2:9606946)\n    at async ConversationView.onOpened ([REDACTED]/resources/app.asar/preload.bundle.js:2:11683894)\nOriginal stack:\nError\n    at _outerAjax ([REDACTED]/resources/app.asar/preload.bundle.js:2:11251498)\n    at _ajax ([REDACTED]/resources/app.asar/preload.bundle.js:2:11285343)\n    at Object.getProfile ([REDACTED]/resources/app.asar/preload.bundle.js:2:11264748)\n    at MessageSender.getProfile ([REDACTED]/resources/app.asar/preload.bundle.js:2:11219209)\n    at getProfile ([REDACTED]/resources/app.asar/preload.bundle.js:2:11482904)\n    at async Promise.all (index 0)\n    at async ConversationModel.getProfiles ([REDACTED]/resources/app.asar/preload.bundle.js:2:9606946)\n    at async ConversationView.onOpened ([REDACTED]/resources/app.asar/preload.bundle.js:2:11683894)"}
{"level":30,"time":"2022-01-04T13:10:38.140Z","pid":9199,"hostname":"B-E-T-H","msg":"changedConvoBatcher: deduped 3 into 3"}
{"level":40,"time":"2022-01-04T13:10:38.216Z","pid":9199,"hostname":"B-E-T-H","msg":"WebSocketResource: Socket closed"}
{"level":30,"time":"2022-01-04T13:10:38.253Z","pid":9199,"hostname":"B-E-T-H","msg":"ConversationHero: calling onHeightChange"}
{"level":30,"time":"2022-01-04T13:10:38.254Z","pid":9199,"hostname":"B-E-T-H","msg":"MessageAudio: loading audio and computing waveform"}
{"level":30,"time":"2022-01-04T13:10:38.254Z","pid":9199,"hostname":"B-E-T-H","msg":"GlobalAudioContext: queue computing peaks for [REDACTED]/37/37baec3dd2adad1357e3d743f340380118f3cd9b09ab7b8c8848132b4c01d489:47"}
{"level":30,"time":"2022-01-04T13:10:38.254Z","pid":9199,"hostname":"B-E-T-H","msg":"GlobalAudioContext: waveform cache hit [REDACTED]/37/37baec3dd2adad1357e3d743f340380118f3cd9b09ab7b8c8848132b4c01d489"}
{"level":30,"time":"2022-01-04T13:10:38.324Z","pid":9199,"hostname":"B-E-T-H","msg":"MessageAudio: pausing old owner [REDACTED]f6e"}
{"level":30,"time":"2022-01-04T13:10:38.344Z","pid":9199,"hostname":"B-E-T-H","msg":"markConversationRead {\"conversationId\":\"[REDACTED]f05\",\"newestUnreadId\":5757,\"unreadMessages\":0,\"unreadReactions\":0}"}
{"level":30,"time":"2022-01-04T13:10:38.854Z","pid":9199,"hostname":"B-E-T-H","msg":"markConversationRead {\"conversationId\":\"[REDACTED]f05\",\"newestUnreadId\":3005,\"unreadMessages\":0,\"unreadReactions\":0}"}
{"level":30,"time":"2022-01-04T13:10:39.374Z","pid":9199,"hostname":"B-E-T-H","msg":"markConversationRead {\"conversationId\":\"[REDACTED]f05\",\"newestUnreadId\":542,\"unreadMessages\":0,\"unreadReactions\":0}"}
{"level":30,"time":"2022-01-04T13:10:39.855Z","pid":9199,"hostname":"B-E-T-H","msg":"markConversationRead {\"conversationId\":\"[REDACTED]f05\",\"newestUnreadId\":539,\"unreadMessages\":0,\"unreadReactions\":0}"}
{"level":30,"time":"2022-01-04T13:10:40.771Z","pid":9199,"hostname":"B-E-T-H","msg":"markConversationRead {\"conversationId\":\"[REDACTED]f05\",\"newestUnreadId\":540,\"unreadMessages\":0,\"unreadReactions\":0}"}
{"level":30,"time":"2022-01-04T13:10:41.738Z","pid":9199,"hostname":"B-E-T-H","msg":"NotificationService: clearing notification and requesting an update"}
{"level":40,"time":"2022-01-04T13:10:41.738Z","pid":9199,"hostname":"B-E-T-H","msg":"registerForActive: Failed to to refresh remote config. Code: 401"}
{"level":30,"time":"2022-01-04T13:10:41.887Z","pid":9199,"hostname":"B-E-T-H","msg":"markConversationRead {\"conversationId\":\"[REDACTED]f05\",\"newestUnreadId\":540,\"unreadMessages\":0,\"unreadReactions\":0}"}
{"level":30,"time":"2022-01-04T13:10:42.428Z","pid":9199,"hostname":"B-E-T-H","msg":"markConversationRead {\"conversationId\":\"[REDACTED]f05\",\"newestUnreadId\":823,\"unreadMessages\":0,\"unreadReactions\":0}"}
{"level":30,"time":"2022-01-04T13:10:42.738Z","pid":9199,"hostname":"B-E-T-H","msg":"NotificationService not updating notifications. Notifications are disabled; app is focused; there is no notification data"}
{"level":30,"time":"2022-01-04T13:10:42.904Z","pid":9199,"hostname":"B-E-T-H","msg":"markConversationRead {\"conversationId\":\"[REDACTED]f05\",\"newestUnreadId\":2273,\"unreadMessages\":0,\"unreadReactions\":0}"}
{"level":30,"time":"2022-01-04T13:10:43.419Z","pid":9199,"hostname":"B-E-T-H","msg":"markConversationRead {\"conversationId\":\"[REDACTED]f05\",\"newestUnreadId\":2273,\"unreadMessages\":0,\"unreadReactions\":0}"}
{"level":30,"time":"2022-01-04T13:10:43.917Z","pid":9199,"hostname":"B-E-T-H","msg":"markConversationRead {\"conversationId\":\"[REDACTED]f05\",\"newestUnreadId\":2590,\"unreadMessages\":0,\"unreadReactions\":0}"}
{"level":30,"time":"2022-01-04T13:10:44.483Z","pid":9199,"hostname":"B-E-T-H","msg":"markConversationRead {\"conversationId\":\"[REDACTED]f05\",\"newestUnreadId\":2591,\"unreadMessages\":0,\"unreadReactions\":0}"}
{"level":30,"time":"2022-01-04T13:10:45.667Z","pid":9199,"hostname":"B-E-T-H","msg":"markConversationRead {\"conversationId\":\"[REDACTED]f05\",\"newestUnreadId\":2591,\"unreadMessages\":0,\"unreadReactions\":0}"}
{"level":30,"time":"2022-01-04T13:10:46.416Z","pid":9199,"hostname":"B-E-T-H","msg":"markConversationRead {\"conversationId\":\"[REDACTED]f05\",\"newestUnreadId\":3003,\"unreadMessages\":0,\"unreadReactions\":0}"}
{"level":30,"time":"2022-01-04T13:10:46.580Z","pid":9199,"hostname":"B-E-T-H","msg":"maybeFetchCredentials: fetching credentials for 18996 through 19003"}
{"level":30,"time":"2022-01-04T13:10:46.582Z","pid":9199,"hostname":"B-E-T-H","msg":"GET (WS) https://chat.signal.org/v1/certificate/group/18996/19003?identity=aci"}
{"level":30,"time":"2022-01-04T13:10:46.582Z","pid":9199,"hostname":"B-E-T-H","msg":"SocketManager: connecting unauthenticated socket"}
{"level":30,"time":"2022-01-04T13:10:46.988Z","pid":9199,"hostname":"B-E-T-H","msg":"markConversationRead {\"conversationId\":\"[REDACTED]f05\",\"newestUnreadId\":3005,\"unreadMessages\":0,\"unreadReactions\":0}"}
{"level":30,"time":"2022-01-04T13:10:47.516Z","pid":9199,"hostname":"B-E-T-H","msg":"markConversationRead {\"conversationId\":\"[REDACTED]f05\",\"newestUnreadId\":3005,\"unreadMessages\":0,\"unreadReactions\":0}"}
{"level":30,"time":"2022-01-04T13:10:48.198Z","pid":9199,"hostname":"B-E-T-H","msg":"markConversationRead {\"conversationId\":\"[REDACTED]f05\",\"newestUnreadId\":3313,\"unreadMessages\":0,\"unreadReactions\":0}"}
{"level":30,"time":"2022-01-04T13:10:48.454Z","pid":9199,"hostname":"B-E-T-H","msg":"SocketManager: connected unauthenticated socket"}
{"level":30,"time":"2022-01-04T13:10:48.454Z","pid":9199,"hostname":"B-E-T-H","msg":"SocketManager: starting expiration timer for unauthenticated socket"}
{"level":50,"time":"2022-01-04T13:10:48.667Z","pid":9199,"hostname":"B-E-T-H","msg":"Got 401 from Signal Server. We might be unlinked."}
{"level":30,"time":"2022-01-04T13:10:48.668Z","pid":9199,"hostname":"B-E-T-H","msg":"reconnectToWebSocket starting..."}
{"level":30,"time":"2022-01-04T13:10:48.668Z","pid":9199,"hostname":"B-E-T-H","msg":"SocketManager.onOffline"}
{"level":40,"time":"2022-01-04T13:10:48.668Z","pid":9199,"hostname":"B-E-T-H","msg":"WebSocket: closing socket unauthenticated"}
{"level":30,"time":"2022-01-04T13:10:48.668Z","pid":9199,"hostname":"B-E-T-H","msg":"WebSocketResource.close()"}
{"level":30,"time":"2022-01-04T13:10:48.668Z","pid":9199,"hostname":"B-E-T-H","msg":"SocketManager.onOnline"}
{"level":50,"time":"2022-01-04T13:10:48.668Z","pid":9199,"hostname":"B-E-T-H","msg":"GET (WS) https://chat.signal.org/v1/certificate/group/18996/19003?identity=aci 401 Error"}
{"level":30,"time":"2022-01-04T13:10:48.669Z","pid":9199,"hostname":"B-E-T-H","msg":"reconnectToWebSocket complete."}
{"level":30,"time":"2022-01-04T13:10:48.669Z","pid":9199,"hostname":"B-E-T-H","msg":"runWithRetry: maybeFetchNewCredentials failed. Waiting 120000ms for retry. Error: HTTPError: promiseAjax: error response; code: 401\n    at makeHTTPError ([REDACTED]/resources/app.asar/preload.bundle.js:2:11251614)\n    at _promiseAjax ([REDACTED]/resources/app.asar/preload.bundle.js:2:11250417)\n    at processTicksAndRejections (node:internal/process/task_queues:96:5)\n    at async _retryAjax ([REDACTED]/resources/app.asar/preload.bundle.js:2:11247596)\n    at async _ajax ([REDACTED]/resources/app.asar/preload.bundle.js:2:11285337)\n    at async Object.getGroupCredentials ([REDACTED]/resources/app.asar/preload.bundle.js:2:11261245)\n    at async maybeFetchNewCredentials ([REDACTED]/resources/app.asar/preload.bundle.js:2:10524996)\n    at async runWithRetry ([REDACTED]/resources/app.asar/preload.bundle.js:2:10523733)\n    at async Object.initializeGroupCredentialFetcher ([REDACTED]/resources/app.asar/preload.bundle.js:2:10523412)\nOriginal stack:\nError\n    at _outerAjax ([REDACTED]/resources/app.asar/preload.bundle.js:2:11251498)\n    at _ajax ([REDACTED]/resources/app.asar/preload.bundle.js:2:11285343)\n    at Object.getGroupCredentials ([REDACTED]/resources/app.asar/preload.bundle.js:2:11261251)\n    at AccountManager.getGroupCredentials ([REDACTED]/resources/app.asar/preload.bundle.js:2:11095003)\n    at maybeFetchNewCredentials ([REDACTED]/resources/app.asar/preload.bundle.js:2:10525017)\n    at runWithRetry ([REDACTED]/resources/app.asar/preload.bundle.js:2:10523739)\n    at async Object.initializeGroupCredentialFetcher ([REDACTED]/resources/app.asar/preload.bundle.js:2:10523412)"}
{"level":40,"time":"2022-01-04T13:10:48.674Z","pid":9199,"hostname":"B-E-T-H","msg":"WebSocketResource: Socket closed"}
{"level":30,"time":"2022-01-04T13:10:49.464Z","pid":9199,"hostname":"B-E-T-H","msg":"markConversationRead {\"conversationId\":\"[REDACTED]f05\",\"newestUnreadId\":5756,\"unreadMessages\":0,\"unreadReactions\":0}"}
{"level":30,"time":"2022-01-04T13:10:50.009Z","pid":9199,"hostname":"B-E-T-H","msg":"markConversationRead {\"conversationId\":\"[REDACTED]f05\",\"newestUnreadId\":5757,\"unreadMessages\":0,\"unreadReactions\":0}"}
{"level":30,"time":"2022-01-04T13:10:57.620Z","pid":9199,"hostname":"B-E-T-H","msg":"background/shutdown"}
{"level":30,"time":"2022-01-04T13:10:57.622Z","pid":9199,"hostname":"B-E-T-H","msg":"attachment_downloads/stop: disabling"}
{"level":30,"time":"2022-01-04T13:10:57.623Z","pid":9199,"hostname":"B-E-T-H","msg":"Flushing sql.Client.updateConversationBatcher batcher items.length=0"}
{"level":30,"time":"2022-01-04T13:10:57.623Z","pid":9199,"hostname":"B-E-T-H","msg":"Flushing complete sql.Client.updateConversationBatcher for batcher"}
{"level":30,"time":"2022-01-04T13:10:57.623Z","pid":9199,"hostname":"B-E-T-H","msg":"Flushing messageBatcher.updateMessageBatcher batcher items.length=0"}
{"level":30,"time":"2022-01-04T13:10:57.624Z","pid":9199,"hostname":"B-E-T-H","msg":"Flushing complete messageBatcher.updateMessageBatcher for batcher"}
{"level":30,"time":"2022-01-04T13:10:57.624Z","pid":9199,"hostname":"B-E-T-H","msg":"Flushing Whisper.deliveryReceiptBatcher batcher items.length=0"}
{"level":30,"time":"2022-01-04T13:10:57.625Z","pid":9199,"hostname":"B-E-T-H","msg":"Flushing complete Whisper.deliveryReceiptBatcher for batcher"}
{"level":30,"time":"2022-01-04T13:10:57.625Z","pid":9199,"hostname":"B-E-T-H","msg":"Flushing respondWithProfileKeyBatcher batcher items.length=0"}
{"level":30,"time":"2022-01-04T13:10:57.625Z","pid":9199,"hostname":"B-E-T-H","msg":"Flushing complete respondWithProfileKeyBatcher for batcher"}
{"level":30,"time":"2022-01-04T13:10:57.625Z","pid":9199,"hostname":"B-E-T-H","msg":"Flushing MessageReceiver.decryptAndCacheBatcher batcher items.length=0"}
{"level":30,"time":"2022-01-04T13:10:57.625Z","pid":9199,"hostname":"B-E-T-H","msg":"Flushing complete MessageReceiver.decryptAndCacheBatcher for batcher"}
{"level":30,"time":"2022-01-04T13:10:57.625Z","pid":9199,"hostname":"B-E-T-H","msg":"Flushing MessageReceiver.cacheRemoveBatcher batcher items.length=0"}
{"level":30,"time":"2022-01-04T13:10:57.625Z","pid":9199,"hostname":"B-E-T-H","msg":"Flushing complete MessageReceiver.cacheRemoveBatcher for batcher"}
{"level":30,"time":"2022-01-04T13:10:57.625Z","pid":9199,"hostname":"B-E-T-H","msg":"Flushing changedConvoBatcher batcher items.length=0"}
{"level":30,"time":"2022-01-04T13:10:57.625Z","pid":9199,"hostname":"B-E-T-H","msg":"Flushing complete changedConvoBatcher for batcher"}
{"level":30,"time":"2022-01-04T13:10:57.626Z","pid":9199,"hostname":"B-E-T-H","msg":"Flushing sql.Client.updateConversationBatcher batcher items.length=0"}
{"level":30,"time":"2022-01-04T13:10:57.626Z","pid":9199,"hostname":"B-E-T-H","msg":"Flushing complete sql.Client.updateConversationBatcher for batcher"}
{"level":30,"time":"2022-01-04T13:10:57.626Z","pid":9199,"hostname":"B-E-T-H","msg":"Flushing messageBatcher.updateMessageBatcher batcher items.length=0"}
{"level":30,"time":"2022-01-04T13:10:57.626Z","pid":9199,"hostname":"B-E-T-H","msg":"Flushing complete messageBatcher.updateMessageBatcher for batcher"}
{"level":30,"time":"2022-01-04T13:10:57.626Z","pid":9199,"hostname":"B-E-T-H","msg":"Flushing Whisper.deliveryReceiptBatcher batcher items.length=0"}
{"level":30,"time":"2022-01-04T13:10:57.627Z","pid":9199,"hostname":"B-E-T-H","msg":"Flushing complete Whisper.deliveryReceiptBatcher for batcher"}
{"level":30,"time":"2022-01-04T13:10:57.627Z","pid":9199,"hostname":"B-E-T-H","msg":"Flushing respondWithProfileKeyBatcher batcher items.length=0"}
{"level":30,"time":"2022-01-04T13:10:57.627Z","pid":9199,"hostname":"B-E-T-H","msg":"Flushing complete respondWithProfileKeyBatcher for batcher"}
{"level":30,"time":"2022-01-04T13:10:57.627Z","pid":9199,"hostname":"B-E-T-H","msg":"Flushing MessageReceiver.decryptAndCacheBatcher batcher items.length=0"}
{"level":30,"time":"2022-01-04T13:10:57.627Z","pid":9199,"hostname":"B-E-T-H","msg":"Flushing complete MessageReceiver.decryptAndCacheBatcher for batcher"}
{"level":30,"time":"2022-01-04T13:10:57.627Z","pid":9199,"hostname":"B-E-T-H","msg":"Flushing MessageReceiver.cacheRemoveBatcher batcher items.length=0"}
{"level":30,"time":"2022-01-04T13:10:57.627Z","pid":9199,"hostname":"B-E-T-H","msg":"Flushing complete MessageReceiver.cacheRemoveBatcher for batcher"}
{"level":30,"time":"2022-01-04T13:10:57.627Z","pid":9199,"hostname":"B-E-T-H","msg":"Flushing changedConvoBatcher batcher items.length=0"}
{"level":30,"time":"2022-01-04T13:10:57.627Z","pid":9199,"hostname":"B-E-T-H","msg":"Flushing complete changedConvoBatcher for batcher"}
{"level":30,"time":"2022-01-04T13:10:57.627Z","pid":9199,"hostname":"B-E-T-H","msg":"waitBatcher#waitForAllWaitBatchers"}
{"level":30,"time":"2022-01-04T13:10:57.628Z","pid":9199,"hostname":"B-E-T-H","msg":"data.shutdown: shutdown requested. 0 jobs outstanding"}
{"level":30,"time":"2022-01-04T13:10:57.736Z","pid":9199,"hostname":"B-E-T-H","msg":"NotificationService: clearing notification and updating"}
{"level":30,"time":"2022-01-04T13:10:57.737Z","pid":9199,"hostname":"B-E-T-H","msg":"NotificationService not updating notifications. Notifications are disabled; app is focused; there is no notification data"}
